Сборка начата 10.12.2024 03:06:56.
Уровень детализации журнала: Normal.     1>Проект "C:\Users\glora\Desktop\Лабы КПО\SE_Lab21\SE_Lab21\SE_Lab21\SE_Lab21.vcxproj" в узле 2 (целевые объекты Build).
     1>InitializeBuildStatus:
         Создание "x64\Debug\SE_Lab21.tlog\unsuccessfulbuild", так как было задано "AlwaysCreate".
         Обращение к "x64\Debug\SE_Lab21.tlog\unsuccessfulbuild".
       ClCompile:
         Для всех выходных данных обновления не требуется.
         C:\Program Files\Microsoft Visual Studio\2022\Community\VC\Tools\MSVC\14.37.32822\bin\HostX64\x64\CL.exe /c /ZI /JMC /nologo /W3 /WX- /diagnostics:column /sdl /Od /D _DEBUG /D _CONSOLE /D _CRT_SECURE_NO_WARNINGS /D _UNICODE /D UNICODE /Gm- /EHsc /RTC1 /MDd /GS /fp:precise /Zc:wchar_t /Zc:forScope /Zc:inline /permissive- /Yu"stdafx.h" /Fp"x64\Debug\SE_Lab21.pch" /Fo"x64\Debug\\" /Fd"x64\Debug\vc143.pdb" /external:W3 /Gd /TP /FC /errorReport:prompt CodeGeneration.cpp Error.cpp SE_Lab14.cpp
         CodeGeneration.cpp
         Error.cpp
         SE_Lab14.cpp
     1>C:\Users\glora\Desktop\Лабы КПО\SE_Lab21\SE_Lab21\SE_Lab21\Log.h(5,10): warning C4067: непредвиденные лексемы за директивой препроцессора, требуется newline
         Создание кода...
     1>C:\Users\glora\Desktop\Лабы КПО\SE_Lab21\SE_Lab21\SE_Lab21\Error.cpp(66): warning C4715: Error::geterror: значение возвращается не при всех путях выполнения
     1>C:\Users\glora\Desktop\Лабы КПО\SE_Lab21\SE_Lab21\SE_Lab21\Error.cpp(81): warning C4715: Error::geterrorin: значение возвращается не при всех путях выполнения
       Link:
         C:\Program Files\Microsoft Visual Studio\2022\Community\VC\Tools\MSVC\14.37.32822\bin\HostX64\x64\link.exe /ERRORREPORT:PROMPT /OUT:"C:\Users\glora\Desktop\Лабы КПО\SE_Lab21\SE_Lab21\x64\Debug\SE_Lab21.exe" /INCREMENTAL /ILK:"x64\Debug\SE_Lab21.ilk" /NOLOGO kernel32.lib user32.lib gdi32.lib winspool.lib comdlg32.lib advapi32.lib shell32.lib ole32.lib oleaut32.lib uuid.lib odbc32.lib odbccp32.lib /MANIFEST /MANIFESTUAC:"level='asInvoker' uiAccess='false'" /manifest:embed /DEBUG /PDB:"C:\Users\glora\Desktop\Лабы КПО\SE_Lab21\SE_Lab21\x64\Debug\SE_Lab21.pdb" /SUBSYSTEM:CONSOLE /TLBID:1 /DYNAMICBASE /NXCOMPAT /IMPLIB:"C:\Users\glora\Desktop\Лабы КПО\SE_Lab21\SE_Lab21\x64\Debug\SE_Lab21.lib" /MACHINE:X64 x64\Debug\CodeGeneration.obj
         x64\Debug\Error.obj
         x64\Debug\FST.obj
         x64\Debug\GRB.obj
         x64\Debug\In.obj
         x64\Debug\IT.obj
         x64\Debug\Lexer.obj
         x64\Debug\Log.obj
         x64\Debug\LT.obj
         x64\Debug\MFST.obj
         x64\Debug\Out.obj
         x64\Debug\Parm.obj
         x64\Debug\PolishNotation.obj
         x64\Debug\SA.obj
         x64\Debug\SE_Lab14.obj
         x64\Debug\stdafx.obj
         SE_Lab21.vcxproj -> C:\Users\glora\Desktop\Лабы КПО\SE_Lab21\SE_Lab21\x64\Debug\SE_Lab21.exe
       FinalizeBuildStatus:
         Файл "x64\Debug\SE_Lab21.tlog\unsuccessfulbuild" удаляется.
         Обращение к "x64\Debug\SE_Lab21.tlog\SE_Lab21.lastbuildstate".
     1>Сборка проекта "C:\Users\glora\Desktop\Лабы КПО\SE_Lab21\SE_Lab21\SE_Lab21\SE_Lab21.vcxproj" завершена (целевые объекты Build).

Сборка успешно завершена.

       "C:\Users\glora\Desktop\Лабы КПО\SE_Lab21\SE_Lab21\SE_Lab21\SE_Lab21.vcxproj" (целевой объект Build ) (1) ->
       (Целевой объект ClCompile) -> 
         C:\Users\glora\Desktop\Лабы КПО\SE_Lab21\SE_Lab21\SE_Lab21\Log.h(5,10): warning C4067: непредвиденные лексемы за директивой препроцессора, требуется newline
         C:\Users\glora\Desktop\Лабы КПО\SE_Lab21\SE_Lab21\SE_Lab21\Error.cpp(66): warning C4715: Error::geterror: значение возвращается не при всех путях выполнения
         C:\Users\glora\Desktop\Лабы КПО\SE_Lab21\SE_Lab21\SE_Lab21\Error.cpp(81): warning C4715: Error::geterrorin: значение возвращается не при всех путях выполнения

    Предупреждений: 3
    Ошибок: 0

Прошло времени 00:00:01.87
