01 integer function fi(integer x, integer y)
02 {
03 declare integer z;
04 z= x*(x+y);
05 return z; 
06 }; 
07 string function fs (string a, string b)
08 {
09 declare string c;
10 declare string function substr(string a, integer p,
11  integer n);
12 c = substr(a, 2, 3);
13 return c; 
14 };
15 main()
16 {
17 declare integer y;
18 declare integer z;
19 declare integer a;
20 declare byte b;
21 declare byte x;
22 declare integer c;
23 declare string sa;
24 declare string sb;
25 declare string sc;
26 declare integer function strlen(string p);
27 a = 111;
28 c = -a;
29 declare integer function stoi(string d);
30 writeint stoi("-123") + 0o32;
31 x = 0o32;
32 sa = "очень длинная строка, которая правильно обрабатывается";
33 sb = "1234567890"; 
34 z = fi("asd",y);
35 sc = fs(sa, sb);
36 for (x = 0; x < 7; x = x + 1;)
37 {
38  writeline "привет";
39 }
40 write sc;
41 writeint strlen(sc);
42 writeline " ";
43 return 0;
44 };